<?xml version="1.0" encoding="UTF-8"?>
<!-- Generated by org.testng.reporters.JUnitReportReporter -->
<testsuite hostname="DESKTOP-4DTFU8L" failures="0" tests="1" name="tests.ViewRoomByType" time="0.175" errors="0" timestamp="2025-08-12T16:45:09 IST" skipped="0">
  <testcase classname="tests.ViewRoomByType" name="testRoomByType" time="0.175"/>
</testsuite> <!-- tests.ViewRoomByType -->
